# JRE version: Java(TM) SE Runtime Environment (8.0_101-b13) (build 1.8.0_101-b13)
# Java VM: Java HotSpot(TM) 64-Bit Server VM (25.101-b13 mixed mode windows-amd64 compressed oops)
Heap:
 par new generation   total 306688K, used 248947K [0x00000000c0000000, 0x00000000d4cc0000, 0x00000000d4cc0000)
  eden space 272640K,  91% used [0x00000000c0000000, 0x00000000cf2fa2c8, 0x00000000d0a40000)
  from space 34048K,   0% used [0x00000000d0a40000, 0x00000000d0a62c40, 0x00000000d2b80000)
  to   space 34048K,   0% used [0x00000000d2b80000, 0x00000000d2b80000, 0x00000000d4cc0000)
 concurrent mark-sweep generation total 707840K, used 592295K [0x00000000d4cc0000, 0x0000000100000000, 0x0000000100000000)
 Metaspace       used 52293K, capacity 52744K, committed 53088K, reserved 1097728K
  class space    used 5593K, capacity 5744K, committed 5852K, reserved 1048576K
GC Heap History (10 events):
Event: 5714.335 GC heap after
Heap after GC invocations=1433 (full 168):
 par new generation   total 306688K, used 1399K [0x00000000c0000000, 0x00000000d4cc0000, 0x00000000d4cc0000)
  eden space 272640K,   0% used [0x00000000c0000000, 0x00000000c0000000, 0x00000000d0a40000)
  from space 34048K,   4% used [0x00000000d0a40000, 0x00000000d0b9de10, 0x00000000d2b80000)
  to   space 34048K,   0% used [0x00000000d2b80000, 0x00000000d2b80000, 0x00000000d4cc0000)
 concurrent mark-sweep generation total 707840K, used 590965K [0x00000000d4cc0000, 0x0000000100000000, 0x0000000100000000)
 Metaspace       used 48598K, capacity 49064K, committed 49376K, reserved 1093632K
  class space    used 5249K, capacity 5392K, committed 5468K, reserved 1048576K
}
Event: 5718.320 GC heap before
{Heap before GC invocations=1433 (full 168):
 par new generation   total 306688K, used 274039K [0x00000000c0000000, 0x00000000d4cc0000, 0x00000000d4cc0000)
  eden space 272640K, 100% used [0x00000000c0000000, 0x00000000d0a40000, 0x00000000d0a40000)
  from space 34048K,   4% used [0x00000000d0a40000, 0x00000000d0b9de10, 0x00000000d2b80000)
  to   space 34048K,   0% used [0x00000000d2b80000, 0x00000000d2b80000, 0x00000000d4cc0000)
 concurrent mark-sweep generation total 707840K, used 590965K [0x00000000d4cc0000, 0x0000000100000000, 0x0000000100000000)
 Metaspace       used 48727K, capacity 49192K, committed 49376K, reserved 1093632K
  class space    used 5260K, capacity 5392K, committed 5468K, reserved 1048576K
Event: 5718.324 GC heap after
Heap after GC invocations=1434 (full 168):
 par new generation   total 306688K, used 91K [0x00000000c0000000, 0x00000000d4cc0000, 0x00000000d4cc0000)
  eden space 272640K,   0% used [0x00000000c0000000, 0x00000000c0000000, 0x00000000d0a40000)
  from space 34048K,   0% used [0x00000000d2b80000, 0x00000000d2b96ef0, 0x00000000d4cc0000)
  to   space 34048K,   0% used [0x00000000d0a40000, 0x00000000d0a40000, 0x00000000d2b80000)
 concurrent mark-sweep generation total 707840K, used 592286K [0x00000000d4cc0000, 0x0000000100000000, 0x0000000100000000)
 Metaspace       used 48727K, capacity 49192K, committed 49376K, reserved 1093632K
  class space    used 5260K, capacity 5392K, committed 5468K, reserved 1048576K
}
Event: 5723.985 GC heap before
{Heap before GC invocations=1434 (full 168):
 par new generation   total 306688K, used 272731K [0x00000000c0000000, 0x00000000d4cc0000, 0x00000000d4cc0000)
  eden space 272640K, 100% used [0x00000000c0000000, 0x00000000d0a40000, 0x00000000d0a40000)
  from space 34048K,   0% used [0x00000000d2b80000, 0x00000000d2b96ef0, 0x00000000d4cc0000)
  to   space 34048K,   0% used [0x00000000d0a40000, 0x00000000d0a40000, 0x00000000d2b80000)
 concurrent mark-sweep generation total 707840K, used 592286K [0x00000000d4cc0000, 0x0000000100000000, 0x0000000100000000)
 Metaspace       used 48888K, capacity 49320K, committed 49632K, reserved 1093632K
  class space    used 5269K, capacity 5392K, committed 5468K, reserved 1048576K
Event: 5723.988 GC heap after
Heap after GC invocations=1435 (full 168):
 par new generation   total 306688K, used 93K [0x00000000c0000000, 0x00000000d4cc0000, 0x00000000d4cc0000)
  eden space 272640K,   0% used [0x00000000c0000000, 0x00000000c0000000, 0x00000000d0a40000)
  from space 34048K,   0% used [0x00000000d0a40000, 0x00000000d0a574f8, 0x00000000d2b80000)
  to   space 34048K,   0% used [0x00000000d2b80000, 0x00000000d2b80000, 0x00000000d4cc0000)
 concurrent mark-sweep generation total 707840K, used 592286K [0x00000000d4cc0000, 0x0000000100000000, 0x0000000100000000)
 Metaspace       used 48888K, capacity 49320K, committed 49632K, reserved 1093632K
  class space    used 5269K, capacity 5392K, committed 5468K, reserved 1048576K
}
Event: 5735.758 GC heap before
{Heap before GC invocations=1435 (full 168):
 par new generation   total 306688K, used 272733K [0x00000000c0000000, 0x00000000d4cc0000, 0x00000000d4cc0000)
  eden space 272640K, 100% used [0x00000000c0000000, 0x00000000d0a40000, 0x00000000d0a40000)
  from space 34048K,   0% used [0x00000000d0a40000, 0x00000000d0a574f8, 0x00000000d2b80000)
  to   space 34048K,   0% used [0x00000000d2b80000, 0x00000000d2b80000, 0x00000000d4cc0000)
 concurrent mark-sweep generation total 707840K, used 592286K [0x00000000d4cc0000, 0x0000000100000000, 0x0000000100000000)
 Metaspace       used 49857K, capacity 50312K, committed 50528K, reserved 1093632K
  class space    used 5368K, capacity 5488K, committed 5596K, reserved 1048576K
Event: 5735.762 GC heap after
Heap after GC invocations=1436 (full 168):
 par new generation   total 306688K, used 92K [0x00000000c0000000, 0x00000000d4cc0000, 0x00000000d4cc0000)
  eden space 272640K,   0% used [0x00000000c0000000, 0x00000000c0000000, 0x00000000d0a40000)
  from space 34048K,   0% used [0x00000000d2b80000, 0x00000000d2b97070, 0x00000000d4cc0000)
  to   space 34048K,   0% used [0x00000000d0a40000, 0x00000000d0a40000, 0x00000000d2b80000)
 concurrent mark-sweep generation total 707840K, used 592295K [0x00000000d4cc0000, 0x0000000100000000, 0x0000000100000000)
 Metaspace       used 49857K, capacity 50312K, committed 50528K, reserved 1093632K
  class space    used 5368K, capacity 5488K, committed 5596K, reserved 1048576K
}
Event: 5751.959 GC heap before
{Heap before GC invocations=1436 (full 168):
 par new generation   total 306688K, used 272732K [0x00000000c0000000, 0x00000000d4cc0000, 0x00000000d4cc0000)
  eden space 272640K, 100% used [0x00000000c0000000, 0x00000000d0a40000, 0x00000000d0a40000)
  from space 34048K,   0% used [0x00000000d2b80000, 0x00000000d2b97070, 0x00000000d4cc0000)
  to   space 34048K,   0% used [0x00000000d0a40000, 0x00000000d0a40000, 0x00000000d2b80000)
 concurrent mark-sweep generation total 707840K, used 592295K [0x00000000d4cc0000, 0x0000000100000000, 0x0000000100000000)
 Metaspace       used 51323K, capacity 51784K, committed 51936K, reserved 1095680K
  class space    used 5538K, capacity 5680K, committed 5724K, reserved 1048576K
Event: 5751.962 GC heap after
Heap after GC invocations=1437 (full 168):
 par new generation   total 306688K, used 139K [0x00000000c0000000, 0x00000000d4cc0000, 0x00000000d4cc0000)
  eden space 272640K,   0% used [0x00000000c0000000, 0x00000000c0000000, 0x00000000d0a40000)
  from space 34048K,   0% used [0x00000000d0a40000, 0x00000000d0a62c40, 0x00000000d2b80000)
  to   space 34048K,   0% used [0x00000000d2b80000, 0x00000000d2b80000, 0x00000000d4cc0000)
 concurrent mark-sweep generation total 707840K, used 592295K [0x00000000d4cc0000, 0x0000000100000000, 0x0000000100000000)
 Metaspace       used 51323K, capacity 51784K, committed 51936K, reserved 1095680K
  class space    used 5538K, capacity 5680K, committed 5724K, reserved 1048576K
}
Event: 5761.167 GC heap before
{Heap before GC invocations=1437 (full 168):
 par new generation   total 306688K, used 248947K [0x00000000c0000000, 0x00000000d4cc0000, 0x00000000d4cc0000)
  eden space 272640K,  91% used [0x00000000c0000000, 0x00000000cf2fa2c8, 0x00000000d0a40000)
  from space 34048K,   0% used [0x00000000d0a40000, 0x00000000d0a62c40, 0x00000000d2b80000)
  to   space 34048K,   0% used [0x00000000d2b80000, 0x00000000d2b80000, 0x00000000d4cc0000)
 concurrent mark-sweep generation total 707840K, used 592295K [0x00000000d4cc0000, 0x0000000100000000, 0x0000000100000000)
 Metaspace       used 52293K, capacity 52744K, committed 53088K, reserved 1097728K
  class space    used 5593K, capacity 5744K, committed 5852K, reserved 1048576K

