# JRE version: Java(TM) SE Runtime Environment (8.0_101-b13) (build 1.8.0_101-b13)
# Java VM: Java HotSpot(TM) 64-Bit Server VM (25.101-b13 mixed mode windows-amd64 compressed oops)
Heap:
 par new generation   total 306688K, used 68451K [0x00000000c0000000, 0x00000000d4cc0000, 0x00000000d4cc0000)
  eden space 272640K,  24% used [0x00000000c0000000, 0x00000000c3ff57b8, 0x00000000d0a40000)
  from space 34048K,   8% used [0x00000000d2b80000, 0x00000000d2e63700, 0x00000000d4cc0000)
  to   space 34048K,   0% used [0x00000000d0a40000, 0x00000000d0a40000, 0x00000000d2b80000)
 concurrent mark-sweep generation total 707840K, used 139852K [0x00000000d4cc0000, 0x0000000100000000, 0x0000000100000000)
 Metaspace       used 40365K, capacity 40697K, committed 41132K, reserved 1085440K
  class space    used 4682K, capacity 4769K, committed 4852K, reserved 1048576K
GC Heap History (10 events):
Event: 504.748 GC heap before
{Heap before GC invocations=8 (full 5):
 par new generation   total 306688K, used 278847K [0x00000000c0000000, 0x00000000d4cc0000, 0x00000000d4cc0000)
  eden space 272640K, 100% used [0x00000000c0000000, 0x00000000d0a40000, 0x00000000d0a40000)
  from space 34048K,  18% used [0x00000000d0a40000, 0x00000000d104ff90, 0x00000000d2b80000)
  to   space 34048K,   0% used [0x00000000d2b80000, 0x00000000d2b80000, 0x00000000d4cc0000)
 concurrent mark-sweep generation total 707840K, used 138303K [0x00000000d4cc0000, 0x0000000100000000, 0x0000000100000000)
 Metaspace       used 40281K, capacity 40667K, committed 41132K, reserved 1085440K
  class space    used 4679K, capacity 4778K, committed 4852K, reserved 1048576K
Event: 504.753 GC heap after
Heap after GC invocations=9 (full 5):
 par new generation   total 306688K, used 4098K [0x00000000c0000000, 0x00000000d4cc0000, 0x00000000d4cc0000)
  eden space 272640K,   0% used [0x00000000c0000000, 0x00000000c0000000, 0x00000000d0a40000)
  from space 34048K,  12% used [0x00000000d2b80000, 0x00000000d2f80840, 0x00000000d4cc0000)
  to   space 34048K,   0% used [0x00000000d0a40000, 0x00000000d0a40000, 0x00000000d2b80000)
 concurrent mark-sweep generation total 707840K, used 138303K [0x00000000d4cc0000, 0x0000000100000000, 0x0000000100000000)
 Metaspace       used 40281K, capacity 40667K, committed 41132K, reserved 1085440K
  class space    used 4679K, capacity 4778K, committed 4852K, reserved 1048576K
}
Event: 689.319 GC heap before
{Heap before GC invocations=9 (full 6):
 par new generation   total 306688K, used 276738K [0x00000000c0000000, 0x00000000d4cc0000, 0x00000000d4cc0000)
  eden space 272640K, 100% used [0x00000000c0000000, 0x00000000d0a40000, 0x00000000d0a40000)
  from space 34048K,  12% used [0x00000000d2b80000, 0x00000000d2f80840, 0x00000000d4cc0000)
  to   space 34048K,   0% used [0x00000000d0a40000, 0x00000000d0a40000, 0x00000000d2b80000)
 concurrent mark-sweep generation total 707840K, used 138296K [0x00000000d4cc0000, 0x0000000100000000, 0x0000000100000000)
 Metaspace       used 40321K, capacity 40667K, committed 41132K, reserved 1085440K
  class space    used 4681K, capacity 4778K, committed 4852K, reserved 1048576K
Event: 689.326 GC heap after
Heap after GC invocations=10 (full 6):
 par new generation   total 306688K, used 3052K [0x00000000c0000000, 0x00000000d4cc0000, 0x00000000d4cc0000)
  eden space 272640K,   0% used [0x00000000c0000000, 0x00000000c0000000, 0x00000000d0a40000)
  from space 34048K,   8% used [0x00000000d0a40000, 0x00000000d0d3b100, 0x00000000d2b80000)
  to   space 34048K,   0% used [0x00000000d2b80000, 0x00000000d2b80000, 0x00000000d4cc0000)
 concurrent mark-sweep generation total 707840K, used 138296K [0x00000000d4cc0000, 0x0000000100000000, 0x0000000100000000)
 Metaspace       used 40321K, capacity 40667K, committed 41132K, reserved 1085440K
  class space    used 4681K, capacity 4778K, committed 4852K, reserved 1048576K
}
Event: 876.498 GC heap before
{Heap before GC invocations=10 (full 7):
 par new generation   total 306688K, used 275692K [0x00000000c0000000, 0x00000000d4cc0000, 0x00000000d4cc0000)
  eden space 272640K, 100% used [0x00000000c0000000, 0x00000000d0a40000, 0x00000000d0a40000)
  from space 34048K,   8% used [0x00000000d0a40000, 0x00000000d0d3b100, 0x00000000d2b80000)
  to   space 34048K,   0% used [0x00000000d2b80000, 0x00000000d2b80000, 0x00000000d4cc0000)
 concurrent mark-sweep generation total 707840K, used 138296K [0x00000000d4cc0000, 0x0000000100000000, 0x0000000100000000)
 Metaspace       used 40332K, capacity 40667K, committed 41132K, reserved 1085440K
  class space    used 4681K, capacity 4778K, committed 4852K, reserved 1048576K
Event: 876.505 GC heap after
Heap after GC invocations=11 (full 7):
 par new generation   total 306688K, used 3595K [0x00000000c0000000, 0x00000000d4cc0000, 0x00000000d4cc0000)
  eden space 272640K,   0% used [0x00000000c0000000, 0x00000000c0000000, 0x00000000d0a40000)
  from space 34048K,  10% used [0x00000000d2b80000, 0x00000000d2f02c90, 0x00000000d4cc0000)
  to   space 34048K,   0% used [0x00000000d0a40000, 0x00000000d0a40000, 0x00000000d2b80000)
 concurrent mark-sweep generation total 707840K, used 138296K [0x00000000d4cc0000, 0x0000000100000000, 0x0000000100000000)
 Metaspace       used 40332K, capacity 40667K, committed 41132K, reserved 1085440K
  class space    used 4681K, capacity 4778K, committed 4852K, reserved 1048576K
}
Event: 1057.035 GC heap before
{Heap before GC invocations=11 (full 8):
 par new generation   total 306688K, used 276235K [0x00000000c0000000, 0x00000000d4cc0000, 0x00000000d4cc0000)
  eden space 272640K, 100% used [0x00000000c0000000, 0x00000000d0a40000, 0x00000000d0a40000)
  from space 34048K,  10% used [0x00000000d2b80000, 0x00000000d2f02c90, 0x00000000d4cc0000)
  to   space 34048K,   0% used [0x00000000d0a40000, 0x00000000d0a40000, 0x00000000d2b80000)
 concurrent mark-sweep generation total 707840K, used 137669K [0x00000000d4cc0000, 0x0000000100000000, 0x0000000100000000)
 Metaspace       used 40330K, capacity 40691K, committed 41132K, reserved 1085440K
  class space    used 4677K, capacity 4768K, committed 4852K, reserved 1048576K
Event: 1057.042 GC heap after
Heap after GC invocations=12 (full 8):
 par new generation   total 306688K, used 4351K [0x00000000c0000000, 0x00000000d4cc0000, 0x00000000d4cc0000)
  eden space 272640K,   0% used [0x00000000c0000000, 0x00000000c0000000, 0x00000000d0a40000)
  from space 34048K,  12% used [0x00000000d0a40000, 0x00000000d0e7fdb0, 0x00000000d2b80000)
  to   space 34048K,   0% used [0x00000000d2b80000, 0x00000000d2b80000, 0x00000000d4cc0000)
 concurrent mark-sweep generation total 707840K, used 137669K [0x00000000d4cc0000, 0x0000000100000000, 0x0000000100000000)
 Metaspace       used 40330K, capacity 40691K, committed 41132K, reserved 1085440K
  class space    used 4677K, capacity 4768K, committed 4852K, reserved 1048576K
}
Event: 1244.063 GC heap before
{Heap before GC invocations=12 (full 9):
 par new generation   total 306688K, used 276991K [0x00000000c0000000, 0x00000000d4cc0000, 0x00000000d4cc0000)
  eden space 272640K, 100% used [0x00000000c0000000, 0x00000000d0a40000, 0x00000000d0a40000)
  from space 34048K,  12% used [0x00000000d0a40000, 0x00000000d0e7fdb0, 0x00000000d2b80000)
  to   space 34048K,   0% used [0x00000000d2b80000, 0x00000000d2b80000, 0x00000000d4cc0000)
 concurrent mark-sweep generation total 707840K, used 137669K [0x00000000d4cc0000, 0x0000000100000000, 0x0000000100000000)
 Metaspace       used 40343K, capacity 40691K, committed 41132K, reserved 1085440K
  class space    used 4677K, capacity 4768K, committed 4852K, reserved 1048576K
Event: 1244.069 GC heap after
Heap after GC invocations=13 (full 9):
 par new generation   total 306688K, used 2957K [0x00000000c0000000, 0x00000000d4cc0000, 0x00000000d4cc0000)
  eden space 272640K,   0% used [0x00000000c0000000, 0x00000000c0000000, 0x00000000d0a40000)
  from space 34048K,   8% used [0x00000000d2b80000, 0x00000000d2e63700, 0x00000000d4cc0000)
  to   space 34048K,   0% used [0x00000000d0a40000, 0x00000000d0a40000, 0x00000000d2b80000)
 concurrent mark-sweep generation total 707840K, used 139852K [0x00000000d4cc0000, 0x0000000100000000, 0x0000000100000000)
 Metaspace       used 40343K, capacity 40691K, committed 41132K, reserved 1085440K
  class space    used 4677K, capacity 4768K, committed 4852K, reserved 1048576K
}

