# JRE version: Java(TM) SE Runtime Environment (8.0_101-b13) (build 1.8.0_101-b13)
# Java VM: Java HotSpot(TM) 64-Bit Server VM (25.101-b13 mixed mode windows-amd64 compressed oops)
Heap:
 par new generation   total 306688K, used 226373K [0x00000000c0000000, 0x00000000d4cc0000, 0x00000000d4cc0000)
  eden space 272640K,  77% used [0x00000000c0000000, 0x00000000cce5d8a0, 0x00000000d0a40000)
  from space 34048K,  44% used [0x00000000d0a40000, 0x00000000d18f3e08, 0x00000000d2b80000)
  to   space 34048K,   0% used [0x00000000d2b80000, 0x00000000d2b80000, 0x00000000d4cc0000)
 concurrent mark-sweep generation total 707840K, used 309776K [0x00000000d4cc0000, 0x0000000100000000, 0x0000000100000000)
 Metaspace       used 41349K, capacity 41678K, committed 42192K, reserved 1087488K
  class space    used 4687K, capacity 4788K, committed 4852K, reserved 1048576K
GC Heap History (10 events):
Event: 342.832 GC heap after
Heap after GC invocations=103 (full 6):
 par new generation   total 306688K, used 13738K [0x00000000c0000000, 0x00000000d4cc0000, 0x00000000d4cc0000)
  eden space 272640K,   0% used [0x00000000c0000000, 0x00000000c0000000, 0x00000000d0a40000)
  from space 34048K,  40% used [0x00000000d0a40000, 0x00000000d17aaa30, 0x00000000d2b80000)
  to   space 34048K,   0% used [0x00000000d2b80000, 0x00000000d2b80000, 0x00000000d4cc0000)
 concurrent mark-sweep generation total 707840K, used 308846K [0x00000000d4cc0000, 0x0000000100000000, 0x0000000100000000)
 Metaspace       used 41235K, capacity 41614K, committed 41936K, reserved 1087488K
  class space    used 4683K, capacity 4788K, committed 4852K, reserved 1048576K
}
Event: 354.077 GC heap before
{Heap before GC invocations=103 (full 6):
 par new generation   total 306688K, used 286378K [0x00000000c0000000, 0x00000000d4cc0000, 0x00000000d4cc0000)
  eden space 272640K, 100% used [0x00000000c0000000, 0x00000000d0a40000, 0x00000000d0a40000)
  from space 34048K,  40% used [0x00000000d0a40000, 0x00000000d17aaa30, 0x00000000d2b80000)
  to   space 34048K,   0% used [0x00000000d2b80000, 0x00000000d2b80000, 0x00000000d4cc0000)
 concurrent mark-sweep generation total 707840K, used 308846K [0x00000000d4cc0000, 0x0000000100000000, 0x0000000100000000)
 Metaspace       used 41238K, capacity 41614K, committed 41936K, reserved 1087488K
  class space    used 4683K, capacity 4788K, committed 4852K, reserved 1048576K
Event: 354.082 GC heap after
Heap after GC invocations=104 (full 6):
 par new generation   total 306688K, used 7660K [0x00000000c0000000, 0x00000000d4cc0000, 0x00000000d4cc0000)
  eden space 272640K,   0% used [0x00000000c0000000, 0x00000000c0000000, 0x00000000d0a40000)
  from space 34048K,  22% used [0x00000000d2b80000, 0x00000000d32fb1d0, 0x00000000d4cc0000)
  to   space 34048K,   0% used [0x00000000d0a40000, 0x00000000d0a40000, 0x00000000d2b80000)
 concurrent mark-sweep generation total 707840K, used 309166K [0x00000000d4cc0000, 0x0000000100000000, 0x0000000100000000)
 Metaspace       used 41238K, capacity 41614K, committed 41936K, reserved 1087488K
  class space    used 4683K, capacity 4788K, committed 4852K, reserved 1048576K
}
Event: 364.229 GC heap before
{Heap before GC invocations=104 (full 6):
 par new generation   total 306688K, used 280300K [0x00000000c0000000, 0x00000000d4cc0000, 0x00000000d4cc0000)
  eden space 272640K, 100% used [0x00000000c0000000, 0x00000000d0a40000, 0x00000000d0a40000)
  from space 34048K,  22% used [0x00000000d2b80000, 0x00000000d32fb1d0, 0x00000000d4cc0000)
  to   space 34048K,   0% used [0x00000000d0a40000, 0x00000000d0a40000, 0x00000000d2b80000)
 concurrent mark-sweep generation total 707840K, used 309166K [0x00000000d4cc0000, 0x0000000100000000, 0x0000000100000000)
 Metaspace       used 41256K, capacity 41614K, committed 41936K, reserved 1087488K
  class space    used 4683K, capacity 4788K, committed 4852K, reserved 1048576K
Event: 364.236 GC heap after
Heap after GC invocations=105 (full 6):
 par new generation   total 306688K, used 6731K [0x00000000c0000000, 0x00000000d4cc0000, 0x00000000d4cc0000)
  eden space 272640K,   0% used [0x00000000c0000000, 0x00000000c0000000, 0x00000000d0a40000)
  from space 34048K,  19% used [0x00000000d0a40000, 0x00000000d10d2dc8, 0x00000000d2b80000)
  to   space 34048K,   0% used [0x00000000d2b80000, 0x00000000d2b80000, 0x00000000d4cc0000)
 concurrent mark-sweep generation total 707840K, used 309667K [0x00000000d4cc0000, 0x0000000100000000, 0x0000000100000000)
 Metaspace       used 41256K, capacity 41614K, committed 41936K, reserved 1087488K
  class space    used 4683K, capacity 4788K, committed 4852K, reserved 1048576K
}
Event: 374.431 GC heap before
{Heap before GC invocations=105 (full 6):
 par new generation   total 306688K, used 279371K [0x00000000c0000000, 0x00000000d4cc0000, 0x00000000d4cc0000)
  eden space 272640K, 100% used [0x00000000c0000000, 0x00000000d0a40000, 0x00000000d0a40000)
  from space 34048K,  19% used [0x00000000d0a40000, 0x00000000d10d2dc8, 0x00000000d2b80000)
  to   space 34048K,   0% used [0x00000000d2b80000, 0x00000000d2b80000, 0x00000000d4cc0000)
 concurrent mark-sweep generation total 707840K, used 309667K [0x00000000d4cc0000, 0x0000000100000000, 0x0000000100000000)
 Metaspace       used 41264K, capacity 41614K, committed 41936K, reserved 1087488K
  class space    used 4683K, capacity 4788K, committed 4852K, reserved 1048576K
Event: 374.436 GC heap after
Heap after GC invocations=106 (full 6):
 par new generation   total 306688K, used 9706K [0x00000000c0000000, 0x00000000d4cc0000, 0x00000000d4cc0000)
  eden space 272640K,   0% used [0x00000000c0000000, 0x00000000c0000000, 0x00000000d0a40000)
  from space 34048K,  28% used [0x00000000d2b80000, 0x00000000d34fa8f0, 0x00000000d4cc0000)
  to   space 34048K,   0% used [0x00000000d0a40000, 0x00000000d0a40000, 0x00000000d2b80000)
 concurrent mark-sweep generation total 707840K, used 309667K [0x00000000d4cc0000, 0x0000000100000000, 0x0000000100000000)
 Metaspace       used 41264K, capacity 41614K, committed 41936K, reserved 1087488K
  class space    used 4683K, capacity 4788K, committed 4852K, reserved 1048576K
}
Event: 384.015 GC heap before
{Heap before GC invocations=106 (full 6):
 par new generation   total 306688K, used 282346K [0x00000000c0000000, 0x00000000d4cc0000, 0x00000000d4cc0000)
  eden space 272640K, 100% used [0x00000000c0000000, 0x00000000d0a40000, 0x00000000d0a40000)
  from space 34048K,  28% used [0x00000000d2b80000, 0x00000000d34fa8f0, 0x00000000d4cc0000)
  to   space 34048K,   0% used [0x00000000d0a40000, 0x00000000d0a40000, 0x00000000d2b80000)
 concurrent mark-sweep generation total 707840K, used 309667K [0x00000000d4cc0000, 0x0000000100000000, 0x0000000100000000)
 Metaspace       used 41265K, capacity 41614K, committed 41936K, reserved 1087488K
  class space    used 4683K, capacity 4788K, committed 4852K, reserved 1048576K
Event: 384.024 GC heap after
Heap after GC invocations=107 (full 6):
 par new generation   total 306688K, used 15055K [0x00000000c0000000, 0x00000000d4cc0000, 0x00000000d4cc0000)
  eden space 272640K,   0% used [0x00000000c0000000, 0x00000000c0000000, 0x00000000d0a40000)
  from space 34048K,  44% used [0x00000000d0a40000, 0x00000000d18f3e08, 0x00000000d2b80000)
  to   space 34048K,   0% used [0x00000000d2b80000, 0x00000000d2b80000, 0x00000000d4cc0000)
 concurrent mark-sweep generation total 707840K, used 309776K [0x00000000d4cc0000, 0x0000000100000000, 0x0000000100000000)
 Metaspace       used 41265K, capacity 41614K, committed 41936K, reserved 1087488K
  class space    used 4683K, capacity 4788K, committed 4852K, reserved 1048576K
}
Event: 391.989 GC heap before
{Heap before GC invocations=107 (full 6):
 par new generation   total 306688K, used 226373K [0x00000000c0000000, 0x00000000d4cc0000, 0x00000000d4cc0000)
  eden space 272640K,  77% used [0x00000000c0000000, 0x00000000cce5d8a0, 0x00000000d0a40000)
  from space 34048K,  44% used [0x00000000d0a40000, 0x00000000d18f3e08, 0x00000000d2b80000)
  to   space 34048K,   0% used [0x00000000d2b80000, 0x00000000d2b80000, 0x00000000d4cc0000)
 concurrent mark-sweep generation total 707840K, used 309776K [0x00000000d4cc0000, 0x0000000100000000, 0x0000000100000000)
 Metaspace       used 41349K, capacity 41678K, committed 42192K, reserved 1087488K
  class space    used 4687K, capacity 4788K, committed 4852K, reserved 1048576K

